
::::::::::::::::::::::::::::::::::::::::::::::::::::::::::::::::::::::
  Multi-core Markov-chain Monte Carlo (MC3).
  Version 3.0.2.
  Copyright (c) 2015-2020 Patricio Cubillos and collaborators.
  MC3 is open-source software under the MIT license (see LICENSE).
::::::::::::::::::::::::::::::::::::::::::::::::::::::::::::::::::::::

Least-squares best-fitting parameters:
  [ 7.60477148e+00 -9.36671458e-01 -7.03213644e-01  1.54040987e-01
 -2.15105413e-01  1.42788814e+03  2.56383004e+01  9.50779658e-02
  1.51983417e+03  4.10403914e+01  1.11205282e-01  3.06933102e-04
  6.15379872e-01]

Start MCMC chains  (Thu Sep 10 16:17:10 2020)

[:         ]  10.0% completed  (Thu Sep 10 16:17:14 2020)
Out-of-bound Trials:
[0 0 0 0 0 0 0 0 0 0 0 0 0]
Best Parameters: (chisq=50481.2638)
[ 7.60477148e+00 -9.36671458e-01 -7.03213644e-01  1.54040987e-01
 -2.15105413e-01  1.42788814e+03  2.56383004e+01  9.50779658e-02
  1.51983417e+03  4.10403914e+01  1.11205282e-01  3.06933102e-04
  6.15379872e-01]
Gelman-Rubin statistics for free parameters:
[3.09025528 2.14960534 3.24023643 2.39995665 2.22659319 3.73719087
 5.51231428 1.69409891 4.55501184 3.07373794 2.40634164 3.17194644
 2.73067957]

[::        ]  20.0% completed  (Thu Sep 10 16:17:16 2020)
Out-of-bound Trials:
[0 0 0 0 0 0 0 0 0 0 0 0 0]
Best Parameters: (chisq=50481.2638)
[ 7.60477148e+00 -9.36671458e-01 -7.03213644e-01  1.54040987e-01
 -2.15105413e-01  1.42788814e+03  2.56383004e+01  9.50779658e-02
  1.51983417e+03  4.10403914e+01  1.11205282e-01  3.06933102e-04
  6.15379872e-01]
Gelman-Rubin statistics for free parameters:
[1.0168395  1.03079859 1.01829399 1.0150836  1.02342397 1.04775197
 1.02809757 1.02990922 1.02860073 1.04193658 1.01474281 1.01623355
 1.01248248]

[:::       ]  30.0% completed  (Thu Sep 10 16:17:18 2020)
Out-of-bound Trials:
[0 0 0 0 0 0 0 0 0 0 0 0 0]
Best Parameters: (chisq=50481.2638)
[ 7.60477148e+00 -9.36671458e-01 -7.03213644e-01  1.54040987e-01
 -2.15105413e-01  1.42788814e+03  2.56383004e+01  9.50779658e-02
  1.51983417e+03  4.10403914e+01  1.11205282e-01  3.06933102e-04
  6.15379872e-01]
Gelman-Rubin statistics for free parameters:
[1.01159708 1.00708916 1.0113542  1.00714095 1.01636631 1.01565786
 1.01466759 1.01864475 1.01438457 1.03025703 1.00545219 1.01147155
 1.01127182]

[::::      ]  40.0% completed  (Thu Sep 10 16:17:19 2020)
Out-of-bound Trials:
[0 0 0 0 0 0 0 0 0 0 0 0 0]
Best Parameters: (chisq=50481.2638)
[ 7.60477148e+00 -9.36671458e-01 -7.03213644e-01  1.54040987e-01
 -2.15105413e-01  1.42788814e+03  2.56383004e+01  9.50779658e-02
  1.51983417e+03  4.10403914e+01  1.11205282e-01  3.06933102e-04
  6.15379872e-01]
Gelman-Rubin statistics for free parameters:
[1.01555318 1.00347821 1.01382048 1.00499035 1.0230722  1.01586442
 1.00794284 1.011658   1.02683363 1.03328527 1.00668355 1.01637973
 1.01850347]

[:::::     ]  50.0% completed  (Thu Sep 10 16:17:21 2020)
Out-of-bound Trials:
[0 0 0 0 0 0 0 0 0 0 0 0 0]
Best Parameters: (chisq=50481.2638)
[ 7.60477148e+00 -9.36671458e-01 -7.03213644e-01  1.54040987e-01
 -2.15105413e-01  1.42788814e+03  2.56383004e+01  9.50779658e-02
  1.51983417e+03  4.10403914e+01  1.11205282e-01  3.06933102e-04
  6.15379872e-01]
Gelman-Rubin statistics for free parameters:
[1.01337447 1.0057075  1.00867975 1.0045771  1.01108544 1.01446646
 1.00791185 1.01150065 1.02066507 1.02302758 1.00573391 1.0133941
 1.01428917]

[::::::    ]  60.0% completed  (Thu Sep 10 16:17:23 2020)
Out-of-bound Trials:
[0 0 0 0 0 0 0 0 0 0 0 0 0]
Best Parameters: (chisq=50481.2638)
[ 7.60477148e+00 -9.36671458e-01 -7.03213644e-01  1.54040987e-01
 -2.15105413e-01  1.42788814e+03  2.56383004e+01  9.50779658e-02
  1.51983417e+03  4.10403914e+01  1.11205282e-01  3.06933102e-04
  6.15379872e-01]
Gelman-Rubin statistics for free parameters:
[1.00637548 1.00251691 1.00443551 1.00333561 1.0071527  1.01012769
 1.00656698 1.00630096 1.01162362 1.01242326 1.00565762 1.00592784
 1.00616269]

[:::::::   ]  70.0% completed  (Thu Sep 10 16:17:25 2020)
Out-of-bound Trials:
[0 0 0 0 0 0 0 0 0 0 0 0 0]
Best Parameters: (chisq=50481.2638)
[ 7.60477148e+00 -9.36671458e-01 -7.03213644e-01  1.54040987e-01
 -2.15105413e-01  1.42788814e+03  2.56383004e+01  9.50779658e-02
  1.51983417e+03  4.10403914e+01  1.11205282e-01  3.06933102e-04
  6.15379872e-01]
Gelman-Rubin statistics for free parameters:
[1.00366639 1.00256043 1.00188    1.00182838 1.00329797 1.00872155
 1.00833134 1.00630508 1.01110715 1.01189316 1.0048528  1.00332279
 1.00347802]

[::::::::  ]  80.0% completed  (Thu Sep 10 16:17:27 2020)
Out-of-bound Trials:
[0 0 0 0 0 0 0 0 0 0 0 0 0]
Best Parameters: (chisq=50481.2638)
[ 7.60477148e+00 -9.36671458e-01 -7.03213644e-01  1.54040987e-01
 -2.15105413e-01  1.42788814e+03  2.56383004e+01  9.50779658e-02
  1.51983417e+03  4.10403914e+01  1.11205282e-01  3.06933102e-04
  6.15379872e-01]
Gelman-Rubin statistics for free parameters:
[1.0056499  1.00315822 1.00387146 1.0023211  1.00267262 1.00628308
 1.00674566 1.00800019 1.00995602 1.00756272 1.0050168  1.00593279
 1.00617949]
All parameters converged to within 1% of unity.

All parameters satisfy the GR convergence threshold of 1.01, stopping
the MCMC.

MCMC Summary:
-------------
  Number of evaluated samples:        80070
  Number of parallel chains:              9
  Average iterations per chain:        8896
  Burned-in iterations per chain:      1000
  Thinning factor:                        1
  MCMC sample size (thinned, burned): 71070
  Acceptance rate:   26.65%

Param name     Best fit   Lo HPD CR   Hi HPD CR        Mean    Std dev       S/N
----------- ----------------------------------- ---------------------- ---------
PCA_1        7.6048e+00 -4.7996e-03  4.9022e-03  7.6050e+00 5.1955e-03    1463.7
PCA_2       -9.3667e-01 -1.1385e-03  1.2613e-03 -9.3664e-01 1.1988e-03     781.3
PCA_3       -7.0321e-01 -3.8522e-03  3.8317e-03 -7.0336e-01 4.0810e-03     172.3
PCA_4        1.5404e-01 -1.1716e-03  1.1581e-03  1.5405e-01 1.1573e-03     133.1
PCA_5       -2.1511e-01 -1.4825e-03  1.4782e-03 -2.1512e-01 1.5188e-03     141.6
peak_G1430   1.4279e+03 -1.2155e-01  1.2353e-01  1.4279e+03 1.2203e-01   11701.3
std_G1430    2.5638e+01 -9.0266e-02  9.5498e-02  2.5642e+01 9.2283e-02     277.8
G1430_ampli  9.5078e-02 -2.8025e-04  3.0359e-04  9.5088e-02 2.8958e-04     328.3
peak_G1515   1.5198e+03 -1.2066e-01  1.3100e-01  1.5198e+03 1.3262e-01   11460.3
std_G1515    4.1040e+01 -8.6202e-02  8.6453e-02  4.1040e+01 9.8979e-02     414.6
G1515_ampli  1.1121e-01 -2.2525e-04  2.2903e-04  1.1120e-01 2.2724e-04     489.4
slope        3.0693e-04 -1.3367e-06  1.3012e-06  3.0700e-04 1.4282e-06     214.9
offset       6.1538e-01 -3.7521e-04  3.8380e-04  6.1536e-01 4.1048e-04    1499.2

  Best-parameter's chi-squared:       50481.2638
  Best-parameter's -2*log(posterior): 50481.2638
  Bayesian Information Criterion:     50564.3370
  Reduced chi-squared:                   86.5888
  Standard deviation of residuals:  0.00920327

Output sampler files:
  'MCMC_tutorial.npz'
  'MCMC_tutorial_trace.png'
  'MCMC_tutorial_pairwise.png'
  'MCMC_tutorial_posterior.png'
  'MCMC_tutorial_RMS.png'
  'MCMC_tutorial.log'
